make.exe all --print-data-base --no-builtin-variables --no-builtin-rules --question
make: *** No rule to make target 'all'.  Stop.

# GNU Make 4.3
# Built for Windows32
# Copyright (C) 1988-2020 Free Software Foundation, Inc.
# License GPLv3+: GNU GPL version 3 or later <http://gnu.org/licenses/gpl.html>
# This is free software: you are free to change and redistribute it.
# There is NO WARRANTY, to the extent permitted by law.

# Make data base, printed on Wed Aug 10 11:39:59 2022

# Variables

# environment
FPS_BROWSER_APP_PROFILE_STRING = Internet Explorer
# environment
SYSTEMDRIVE = C:
# environment
JAVA_HOME = C:\Program Files\OpenJDK\openjdk-11.0.14.1_1
# environment
LC_ALL = C
# environment
USERPROFILE = C:\Users\mkton
# environment
C_INCLUDE_PATH = C:\Users\mkton\scoop\apps\gcc\current\include
# environment
LOCALAPPDATA = C:\Users\mkton\AppData\Local
# environment
WSLENV = WT_SESSION::WT_PROFILE_ID
# environment
VSCODE_CWD = C:\Users\mkton\OneDrive\Desktop\BE\go\src\golang-RBAC-implementation
# environment
CHOCOLATEYINSTALL = C:\ProgramData\chocolatey
# environment
SYSTEMROOT = C:\Windows
# environment
PROCESSOR_LEVEL = 6
# environment
PSMODULEPATH = C:\Users\mkton\OneDrive\Documents\WindowsPowerShell\Modules;C:\Program Files\WindowsPowerShell\Modules;C:\Windows\system32\WindowsPowerShell\v1.0\Modules
# default
MAKE_COMMAND := C:/ProgramData/chocolatey/lib/make/tools/install/bin/make.exe
# environment
GOPATH = C:\Users\mkton\OneDrive\Desktop\BE\go
# automatic
@D = $(patsubst %/,%,$(patsubst %\,%,$(dir $@)))
# environment
CHROME_CRASHPAD_PIPE_NAME = \\.\pipe\crashpad_20240_ICVLVPCTVVBRNDMF
# environment
FPS_BROWSER_USER_PROFILE_STRING = Default
# environment
VSCODE_HANDLES_UNCAUGHT_ERRORS = true
# default
.VARIABLES := 
# environment
PHP_PEAR_BIN_DIR = C:\php
# automatic
%D = $(patsubst %/,%,$(patsubst %\,%,$(dir $%)))
# automatic
^D = $(patsubst %/,%,$(patsubst %\,%,$(dir $^)))
# automatic
%F = $(notdir $%)
# environment
VSCODE_CODE_CACHE_PATH = C:\Users\mkton\AppData\Roaming\Code\CachedData\da76f93349a72022ca4670c1b84860304616aaa2
# environment
PHP_PEAR_DOC_DIR = C:\php\docs
# environment
LANG = C
# default
.LOADED := 
# environment
FLUTTER = C:\flutter
# environment
TMP = C:\Users\mkton\AppData\Local\Temp
# default
.INCLUDE_DIRS = .
# environment
PROCESSOR_ARCHITEW6432 = AMD64
# makefile
MAKEFLAGS = pqrR
# environment
INTEL_DEV_REDIST = C:\Program Files (x86)\Common Files\Intel\Shared Libraries\
# environment
ONEDRIVE = C:\Users\mkton\OneDrive
# environment
INTELLIJ IDEA COMMUNITY EDITION = C:\Program Files\JetBrains\IntelliJ IDEA Community Edition 2021.3.3\bin;
# makefile
CURDIR := c:/Users/mkton/OneDrive/Desktop/BE/go/src/golang-RBAC-implementation
# environment
APPLICATION_INSIGHTS_NO_DIAGNOSTIC_CHANNEL = true
# automatic
*D = $(patsubst %/,%,$(patsubst %\,%,$(dir $*)))
# environment
PROGRAMFILES = C:\Program Files (x86)
# environment
MFLAGS = -pqrR
# default
.SHELLFLAGS := -c
# environment
COMMONPROGRAMW6432 = C:\Program Files\Common Files
# automatic
+D = $(patsubst %/,%,$(patsubst %\,%,$(dir $+)))
# makefile (from 'Makefile', line 1)
MAKEFILE_LIST := Makefile
# automatic
@F = $(notdir $@)
# environment
VSCODE_PID = 20240
# automatic
?D = $(patsubst %/,%,$(patsubst %\,%,$(dir $?)))
# environment
WT_PROFILE_ID = {61c54bbd-c2c6-5271-96e7-009a87ff44bf}
# automatic
*F = $(notdir $*)
# environment
PHP_PEAR_SYSCONF_DIR = C:\php
# automatic
<D = $(patsubst %/,%,$(patsubst %\,%,$(dir $<)))
# environment
VSCODE_NLS_CONFIG = {"locale":"en-gb","availableLanguages":{},"_languagePackSupport":true}
# environment
ONEDRIVECONSUMER = C:\Users\mkton\OneDrive
# default
MAKE_HOST := Windows32
# environment
ANDROID_HOME = C:\Users\mkton\AppData\Local\Android\Sdk
# environment
PROGRAMDATA = C:\ProgramData
# default
SHELL := sh.exe
# environment
HOMEPATH = \Users\mkton
# default
MAKECMDGOALS := all
# environment
DRIVERDATA = C:\Windows\System32\Drivers\DriverData
# environment
COMSPEC = C:\Windows\system32\cmd.exe
# environment
WINDIR = C:\Windows
# environment
MAKELEVEL := 0
# default
MAKE = $(MAKE_COMMAND)
# environment
PATH = C:\Program Files\Microsoft\jdk-11.0.12.7-hotspot\bin;C:\Program Files\Common Files\Oracle\Java\javapath;C:\Program Files (x86)\Common Files\Intel\Shared Libraries\redist\intel64\compiler;C:\Windows\system32;C:\Windows;C:\Windows\System32\Wbem;C:\Windows\System32\WindowsPowerShell\v1.0\;C:\Windows\System32\OpenSSH\;C:\Program Files (x86)\NVIDIA Corporation\PhysX\Common;C:\Program Files\PuTTY\;C:\Program Files\Git\cmd;C:\Program Files\Go\bin;C:\ProgramData\chocolatey\bin;C:\Program Files\OpenJDK\openjdk-11.0.14.1_1\bin;C:\Users\mkton\AppData\Roaming\nvm;C:\Program Files\nodejs;C:\php;C:\ProgramData\ComposerSetup\bin;C:\Program Files\dotnet\;C:\Program Files\Microsoft SQL Server\150\Tools\Binn\;C:\Program Files\Microsoft SQL Server\Client SDK\ODBC\170\Tools\Binn\;C:\Users\Your User Name\AppData\Local\Programs\Microsoft VS Code;C:\HashiCorp\Vagrant\bin;C:\Program Files\Docker\Docker\resources\bin;C:\ProgramData\DockerDesktop\version-bin;C:\Users\mkton\OneDrive\Desktop\BE\go\bin;C:\Users\mkton\.cargo\bin;C:\Users\mkton\scoop\apps\gcc\current\bin;C:\Users\mkton\scoop\shims;C:\Users\mkton\AppData\Local\Programs\Python\Python310\Scripts\;C:\Users\mkton\AppData\Local\Programs\Python\Python310\;C:\Users\mkton\AppData\Local\Microsoft\WindowsApps;C:\Users\mkton\AppData\Roaming\npm;C:\Users\mkton\AppData\Local\Programs\Microsoft VS Code\bin;C:\Users\mkton\go\bin;C:\Program Files\JetBrains\PyCharm Community Edition 2021.3.3\bin;C:\Program Files\JetBrains\IntelliJ IDEA Community Edition 2021.3.3\bin;C:\flutter\bin;C:\python;C:\Users\mkton\AppData\Local\Android\Sdk\platform-tools;C:\Users\mkton\AppData\Roaming\Composer\vendor\bin;C:\Users\mkton\.dotnet\tools;C:\tools\dart-sdk\bin;C:\Users\mkton\AppData\Roaming\Pub\Cache\bin
# environment
ZES_ENABLE_SYSMAN = 1
# environment
COMPUTERNAME = FOREXIMFMONLINE
# default
MAKEFILES := 
# automatic
^F = $(notdir $^)
# environment
PROMPT = $P$G
# environment
CHOCOLATEYLASTPATHUPDATE = 132987262917860114
# environment
WT_SESSION = be39b7b4-4b4c-46e1-8cc9-7f4131f7e7e7
# environment
LOGONSERVER = \\FOREXIMFMONLINE
# environment
USERNAME = mkton
# environment
COMMONPROGRAMFILES = C:\Program Files (x86)\Common Files
# automatic
?F = $(notdir $?)
# environment
PROGRAMW6432 = C:\Program Files
# environment
PATHEXT = .COM;.EXE;.BAT;.CMD;.VBS;.VBE;.JS;.JSE;.WSF;.WSH;.MSC;.CPL
# automatic
+F = $(notdir $+)
# environment
FLUTTER_BIN = C:\flutter\bin
# environment
ORIGINAL_XDG_CURRENT_DESKTOP = undefined
# environment
USERD 
OMAIN = FOREXIMFMONLINE
# 'override' directive
GNUMAKEFLAGS := 
# environment
OS = Windows_NT
# makefile
.DEFAULT_GOAL := install
# environment
NVM_HOME = C:\Users\mkton\AppData\Roaming\nvm
# default
MAKE_VERSION := 4.3
# environment
PHP_PEAR_TEST_DIR = C:\php\tests
# environment
PROGRAMFILES(X86) = C:\Program Files (x86)
# environment
USERDOMAIN_ROAMINGPROFILE = FOREXIMFMONLINE
# environment
NUMBER_OF_PROCESSORS = 12
# environment
PUBLIC = C:\Users\Public
# environment
APPDATA = C:\Users\mkton\AppData\Roaming
# environment
HOMEDRIVE = C:
# environment
NVM_SYMLINK = C:\Program Files\nodejs
# environment
PROCESSOR_ARCHITECTURE = x86
# environment
CPLUS_INCLUDE_PATH = C:\Users\mkton\scoop\apps\gcc\current\include
# environment
PYCHARM COMMUNITY EDITION = C:\Program Files\JetBrains\PyCharm Community Edition 2021.3.3\bin;
# environment
GOMODCACHE = C:\Users\mkton\OneDrive\Desktop\BE\go\pkg\mod
# environment
VSCODE_AMD_ENTRYPOINT = vs/workbench/api/node/extensionHostProcess
# environment
COMMONPROGRAMFILES(X86) = C:\Program Files (x86)\Common Files
# environment
PHP_PEAR_DATA_DIR = C:\php\data
# environment
ELECTRON_RUN_AS_NODE = 1
# environment
TEMP = C:\Users\mkton\AppData\Local\Temp
# environment
VSCODE_IPC_HOOK = \\.\pipe\64f1f2af4967ddc84690aad2055d55f2-1.70.0-main-sock
# environment
PHP_PEAR_PHP_BIN = C:\php\php.exe
# environment
GOPROXY = https://proxy.golang.org,direct
# default
.RECIPEPREFIX := 
# automatic
<F = $(notdir $<)
# default
SUFFIXES := 
# environment
ALLUSERSPROFILE = C:\ProgramData
# environment
SESSIONNAME = Console
# environment
VSCODE_CLI = 1
# environment
ELECTRON_NO_ATTACH_CONSOLE = 1
# default
.FEATURES := target-specific order-only second-expansion else-if shortest-stem undefine oneshell nocomment grouped-target extra-prereqs archives jobserver output-sync load
# environment
MIC_LD_LIBRARY_PATH = C:\Program Files (x86)\Common Files\Intel\Shared Libraries\compiler\lib\mic
# environment
PROCESSOR_REVISION = 9e0a
# environment
PHP_PEAR_INSTALL_DIR = C:\php\pear
# environment
CHOCOLATEYTOOLSLOCATION = C:\tools
# environment
PROCESSOR_IDENTIFIER = Intel64 Family 6 Model 158 Stepping 10, GenuineIntel
# variable set hash-table stats:
# Load=121/1024=12%, Rehash=0, Collisions=14/148=9%

# Pattern-specific Variable Values

# No pattern-specific variable values.

# Directories

# . (key c:/Users/mkton/OneDrive/Desktop/BE/go/src/golang-RBAC-implementation, mtime 1660106326): 20 files, no impossibilities.

# 20 files, no impossibilities in 1 directories.

# Implicit Rules

# No implicit rules.

# Files

# Not a target:
Makefile:
#  Implicit rule search has been done.
#  Last modified 2022-08-06 17:36:51
#  File has been updated.
#  Successfully updated.

# Not a target:
.DEFAULT:
#  Implicit rule search has not been done.
#  Modification time never checked.
#  File has not been updated.

dev:
#  Implicit rule search has not been done.
#  Modification time never checked.
#  File has not been updated.
#  recipe to execute (from 'Makefile', line 6):
	go run main.go

# Not a target:
all:
#  Command line target.
#  Implicit rule search has been done.
#  File does not exist.
#  File has not been updated.

build:
#  Implicit rule search has not been done.
#  Modification time never checked.
#  File has not been updated.
#  recipe to execute (from 'Makefile', line 4):
	go build main.go

install:
#  Implicit rule search has not been done.
#  Modification time never checked.
#  File has not been updated.
#  recipe to execute (from 'Makefile', line 2):
	go mod tidy

# files hash-table stats:
# Load=7/1024=1%, Rehash=0, 
 Collisions=0/17=0%
# VPATH Search Paths

# No 'vpath' search paths.

# No general ('VPATH' variable) search path.

# strcache buffers: 1 (0) / strings = 26 / storage = 194 B / avg = 7 B
# current buf: size = 8174 B / used = 194 B / count = 26 / avg = 7 B

# strcache performance: lookups = 33 / hit rate = 21%
# hash-table stats:
# Load=26/8192=0%, Rehash=0, Collisions=0/33=0%
# Finished Make data base on Wed Aug 10 11:39:59 2022

 
